<?xml version="1.0" encoding="UTF-8"?>
<!-- Generated by org.testng.reporters.JUnitReportReporter -->
<testsuite hostname="DESKTOP-NUFAQTR" failures="0" tests="5" name="runners.APITestRunner" time="14.043" errors="0" timestamp="2025-07-14T22:16:06 IST" skipped="0">
  <testcase classname="runners.APITestRunner" name="runScenario" time="0.916"/>
  <testcase classname="runners.APITestRunner" name="runScenario" time="10.982"/>
  <testcase classname="runners.APITestRunner" name="runScenario" time="0.627"/>
  <testcase classname="runners.APITestRunner" name="runScenario" time="0.890"/>
  <testcase classname="runners.APITestRunner" name="runScenario" time="0.628"/>
</testsuite> <!-- runners.APITestRunner -->
