<?xml version="1.0" encoding="UTF-8"?>
<!-- Generated by org.testng.reporters.JUnitReportReporter -->
<testsuite hostname="DESKTOP-NUFAQTR" failures="0" tests="3" name="runners.UITestRunner" time="59.214" errors="0" timestamp="2025-07-14T22:16:06 IST" skipped="0">
  <testcase classname="runners.UITestRunner" name="runScenario" time="15.529"/>
  <testcase classname="runners.UITestRunner" name="runScenario" time="28.007"/>
  <testcase classname="runners.UITestRunner" name="runScenario" time="15.678"/>
</testsuite> <!-- runners.UITestRunner -->
