<?xml version="1.0" encoding="UTF-8"?>
<!-- Generated by org.testng.reporters.JUnitReportReporter -->
<testsuite hostname="Family" failures="0" tests="4" name="runners.TestNGCucumberRunner" time="111.892" errors="0" timestamp="2025-07-09T21:42:47 IST" skipped="0">
  <testcase classname="runners.TestNGCucumberRunner" name="runScenario" time="28.216"/>
  <testcase classname="runners.TestNGCucumberRunner" name="runScenario" time="27.704"/>
  <testcase classname="runners.TestNGCucumberRunner" name="runScenario" time="28.261"/>
  <testcase classname="runners.TestNGCucumberRunner" name="runScenario" time="27.711"/>
</testsuite> <!-- runners.TestNGCucumberRunner -->
